[0.054s] Invoking command in '/home/pragalbhv/ros2-workspaces/model_sc_ws/build/model_sc_msg': CMAKE_PREFIX_PATH=${CMAKE_PREFIX_PATH}:/home/pragalbhv/ros2-workspaces/model_sc_ws/install/model_sc_pkg:/opt/ros/humble /usr/bin/cmake --build /home/pragalbhv/ros2-workspaces/model_sc_ws/build/model_sc_msg -- -j4 -l4
[0.524s] -- Found ament_cmake: 1.3.11 (/opt/ros/humble/share/ament_cmake/cmake)
[0.909s] -- Found geometry_msgs: 4.2.4 (/opt/ros/humble/share/geometry_msgs/cmake)
[1.024s] -- Found rosidl_generator_c: 3.1.6 (/opt/ros/humble/share/rosidl_generator_c/cmake)
[1.029s] -- Found rosidl_adapter: 3.1.6 (/opt/ros/humble/share/rosidl_adapter/cmake)
[1.038s] -- Found rosidl_generator_cpp: 3.1.6 (/opt/ros/humble/share/rosidl_generator_cpp/cmake)
[1.054s] -- Using all available rosidl_typesupport_c: rosidl_typesupport_fastrtps_c;rosidl_typesupport_introspection_c
[1.079s] -- Using all available rosidl_typesupport_cpp: rosidl_typesupport_fastrtps_cpp;rosidl_typesupport_introspection_cpp
[1.145s] -- Found rosidl_default_generators: 1.2.0 (/opt/ros/humble/share/rosidl_default_generators/cmake)
[1.340s] [31mCMake Error at /opt/ros/humble/share/rosidl_adapter/cmake/rosidl_adapt_interfaces.cmake:59 (message):
[1.340s]   execute_process(/usr/bin/python3 -m rosidl_adapter --package-name
[1.340s]   model_sc_msg --arguments-file
[1.340s]   /home/pragalbhv/ros2-workspaces/model_sc_ws/build/model_sc_msg/rosidl_adapter__arguments__model_sc_msg.json
[1.340s]   --output-dir
[1.340s]   /home/pragalbhv/ros2-workspaces/model_sc_ws/build/model_sc_msg/rosidl_adapter/model_sc_msg
[1.340s]   --output-file
[1.340s]   /home/pragalbhv/ros2-workspaces/model_sc_ws/build/model_sc_msg/rosidl_adapter/model_sc_msg.idls)
[1.340s]   returned error code 1:
[1.340s] 
[1.340s]   Error processing 'int32 apex_sc_coatingDuration' of
[1.340s]   'model_sc_msg/Modelcomm': ''apex_sc_coatingDuration' is an invalid field
[1.340s]   name.  It should have the pattern '^(?!.*__)(?!.*_$)[a-z][a-z0-9_]*$''
[1.341s] 
[1.341s]   Traceback (most recent call last):
[1.341s] 
[1.341s]     File "/usr/lib/python3.10/runpy.py", line 196, in _run_module_as_main
[1.341s]       return _run_code(code, main_globals, None,
[1.341s]     File "/usr/lib/python3.10/runpy.py", line 86, in _run_code
[1.341s]       exec(code, run_globals)
[1.341s]     File "/opt/ros/humble/local/lib/python3.10/dist-packages/rosidl_adapter/__main__.py", line 19, in <module>
[1.341s]       sys.exit(main())
[1.341s]     File "/opt/ros/humble/local/lib/python3.10/dist-packages/rosidl_adapter/main.py", line 53, in main
[1.341s]       abs_idl_file = convert_to_idl(
[1.341s]     File "/opt/ros/humble/local/lib/python3.10/dist-packages/rosidl_adapter/__init__.py", line 19, in convert_to_idl
[1.341s]       return convert_msg_to_idl(
[1.341s]     File "/opt/ros/humble/local/lib/python3.10/dist-packages/rosidl_adapter/msg/__init__.py", line 28, in convert_msg_to_idl
[1.341s]       msg = parse_message_string(package_name, input_file.stem, content)
[1.341s]     File "/opt/ros/humble/local/lib/python3.10/dist-packages/rosidl_adapter/parser.py", line 519, in parse_message_string
[1.341s]       fields.append(Field(
[1.341s]     File "/opt/ros/humble/local/lib/python3.10/dist-packages/rosidl_adapter/parser.py", line 354, in __init__
[1.341s]       raise NameError(
[1.341s] 
[1.341s]   NameError: 'apex_sc_coatingDuration' is an invalid field name.  It should
[1.341s]   have the pattern '^(?!.*__)(?!.*_$)[a-z][a-z0-9_]*$'
[1.341s] 
[1.342s] Call Stack (most recent call first):
[1.342s]   /opt/ros/humble/share/rosidl_cmake/cmake/rosidl_generate_interfaces.cmake:130 (rosidl_adapt_interfaces)
[1.342s]   CMakeLists.txt:13 (rosidl_generate_interfaces)
[1.342s] 
[1.342s] [0m
[1.342s] -- Configuring incomplete, errors occurred!
[1.342s] See also "/home/pragalbhv/ros2-workspaces/model_sc_ws/build/model_sc_msg/CMakeFiles/CMakeOutput.log".
[1.345s] gmake: *** [Makefile:226: cmake_check_build_system] Error 1
[1.346s] Invoked command in '/home/pragalbhv/ros2-workspaces/model_sc_ws/build/model_sc_msg' returned '2': CMAKE_PREFIX_PATH=${CMAKE_PREFIX_PATH}:/home/pragalbhv/ros2-workspaces/model_sc_ws/install/model_sc_pkg:/opt/ros/humble /usr/bin/cmake --build /home/pragalbhv/ros2-workspaces/model_sc_ws/build/model_sc_msg -- -j4 -l4
