[0.000000] (-) TimerEvent: {}
[0.000089] (sc_msg) JobQueued: {'identifier': 'sc_msg', 'dependencies': OrderedDict()}
[0.000215] (sc_pkg) JobQueued: {'identifier': 'sc_pkg', 'dependencies': OrderedDict()}
[0.000233] (sc_msg) JobStarted: {'identifier': 'sc_msg'}
[0.004299] (sc_pkg) JobStarted: {'identifier': 'sc_pkg'}
[0.009058] (sc_msg) JobProgress: {'identifier': 'sc_msg', 'progress': 'cmake'}
[0.010148] (sc_msg) JobProgress: {'identifier': 'sc_msg', 'progress': 'build'}
[0.010195] (sc_msg) Command: {'cmd': ['/usr/bin/cmake', '--build', '/home/pragalbhv/ros2-workspaces/sc_ws/build/sc_msg', '--', '-j4', '-l4'], 'cwd': '/home/pragalbhv/ros2-workspaces/sc_ws/build/sc_msg', 'env': OrderedDict([('LESSOPEN', '| /usr/bin/lesspipe %s'), ('LANGUAGE', 'en_IN:en'), ('USER', 'pragalbhv'), ('XDG_SESSION_TYPE', 'wayland'), ('SHLVL', '1'), ('LD_LIBRARY_PATH', '/opt/ros/humble/opt/rviz_ogre_vendor/lib:/opt/ros/humble/lib/x86_64-linux-gnu:/opt/ros/humble/lib'), ('HOME', '/home/pragalbhv'), ('OLDPWD', '/home/pragalbhv/ros2-workspaces/sc_ws/src'), ('DESKTOP_SESSION', 'ubuntu'), ('ROS_PYTHON_VERSION', '3'), ('GNOME_SHELL_SESSION_MODE', 'ubuntu'), ('GTK_MODULES', 'gail:atk-bridge'), ('SYSTEMD_EXEC_PID', '2387'), ('DBUS_SESSION_BUS_ADDRESS', 'unix:path=/run/user/1000/bus'), ('COLORTERM', 'truecolor'), ('IM_CONFIG_PHASE', '1'), ('WAYLAND_DISPLAY', 'wayland-0'), ('COLCON_PREFIX_PATH', '/home/pragalbhv/ros2-workspaces/sc_ws/install'), ('ROS_DISTRO', 'humble'), ('LOGNAME', 'pragalbhv'), ('_', '/usr/bin/colcon'), ('ROS_VERSION', '2'), ('XDG_SESSION_CLASS', 'user'), ('USERNAME', 'pragalbhv'), ('TERM', 'xterm-256color'), ('GNOME_DESKTOP_SESSION_ID', 'this-is-deprecated'), ('ROS_LOCALHOST_ONLY', '0'), ('PATH', '/opt/ros/humble/bin:/home/pragalbhv/.local/bin:/usr/local/sbin:/usr/local/bin:/usr/sbin:/usr/bin:/sbin:/bin:/usr/games:/usr/local/games:/snap/bin:/snap/bin'), ('SESSION_MANAGER', 'local/pragalbhv-CPU-only:@/tmp/.ICE-unix/2322,unix/pragalbhv-CPU-only:/tmp/.ICE-unix/2322'), ('XDG_MENU_PREFIX', 'gnome-'), ('GNOME_TERMINAL_SCREEN', '/org/gnome/Terminal/screen/ac0accb9_cbe1_4689_b511_fd916928b82b'), ('GNOME_SETUP_DISPLAY', ':1'), ('XDG_RUNTIME_DIR', '/run/user/1000'), ('DISPLAY', ':0'), ('LANG', 'en_US.UTF-8'), ('XDG_CURRENT_DESKTOP', 'ubuntu:GNOME'), ('XMODIFIERS', '@im=ibus'), ('XDG_SESSION_DESKTOP', 'ubuntu'), ('XAUTHORITY', '/run/user/1000/.mutter-Xwaylandauth.65DPY2'), ('LS_COLORS', 'rs=0:di=01;34:ln=01;36:mh=00:pi=40;33:so=01;35:do=01;35:bd=40;33;01:cd=40;33;01:or=40;31;01:mi=00:su=37;41:sg=30;43:ca=30;41:tw=30;42:ow=34;42:st=37;44:ex=01;32:*.tar=01;31:*.tgz=01;31:*.arc=01;31:*.arj=01;31:*.taz=01;31:*.lha=01;31:*.lz4=01;31:*.lzh=01;31:*.lzma=01;31:*.tlz=01;31:*.txz=01;31:*.tzo=01;31:*.t7z=01;31:*.zip=01;31:*.z=01;31:*.dz=01;31:*.gz=01;31:*.lrz=01;31:*.lz=01;31:*.lzo=01;31:*.xz=01;31:*.zst=01;31:*.tzst=01;31:*.bz2=01;31:*.bz=01;31:*.tbz=01;31:*.tbz2=01;31:*.tz=01;31:*.deb=01;31:*.rpm=01;31:*.jar=01;31:*.war=01;31:*.ear=01;31:*.sar=01;31:*.rar=01;31:*.alz=01;31:*.ace=01;31:*.zoo=01;31:*.cpio=01;31:*.7z=01;31:*.rz=01;31:*.cab=01;31:*.wim=01;31:*.swm=01;31:*.dwm=01;31:*.esd=01;31:*.jpg=01;35:*.jpeg=01;35:*.mjpg=01;35:*.mjpeg=01;35:*.gif=01;35:*.bmp=01;35:*.pbm=01;35:*.pgm=01;35:*.ppm=01;35:*.tga=01;35:*.xbm=01;35:*.xpm=01;35:*.tif=01;35:*.tiff=01;35:*.png=01;35:*.svg=01;35:*.svgz=01;35:*.mng=01;35:*.pcx=01;35:*.mov=01;35:*.mpg=01;35:*.mpeg=01;35:*.m2v=01;35:*.mkv=01;35:*.webm=01;35:*.webp=01;35:*.ogm=01;35:*.mp4=01;35:*.m4v=01;35:*.mp4v=01;35:*.vob=01;35:*.qt=01;35:*.nuv=01;35:*.wmv=01;35:*.asf=01;35:*.rm=01;35:*.rmvb=01;35:*.flc=01;35:*.avi=01;35:*.fli=01;35:*.flv=01;35:*.gl=01;35:*.dl=01;35:*.xcf=01;35:*.xwd=01;35:*.yuv=01;35:*.cgm=01;35:*.emf=01;35:*.ogv=01;35:*.ogx=01;35:*.aac=00;36:*.au=00;36:*.flac=00;36:*.m4a=00;36:*.mid=00;36:*.midi=00;36:*.mka=00;36:*.mp3=00;36:*.mpc=00;36:*.ogg=00;36:*.ra=00;36:*.wav=00;36:*.oga=00;36:*.opus=00;36:*.spx=00;36:*.xspf=00;36:'), ('GNOME_TERMINAL_SERVICE', ':1.274'), ('SSH_AGENT_LAUNCHER', 'gnome-keyring'), ('SSH_AUTH_SOCK', '/run/user/1000/keyring/ssh'), ('AMENT_PREFIX_PATH', '/home/pragalbhv/ros2-workspaces/sc_ws/install/sc_pkg:/home/pragalbhv/ros2-workspaces/sc_ws/install/sc_msg:/opt/ros/humble'), ('SHELL', '/bin/bash'), ('QT_ACCESSIBILITY', '1'), ('GDMSESSION', 'ubuntu'), ('LESSCLOSE', '/usr/bin/lesspipe %s %s'), ('QT_IM_MODULE', 'ibus'), ('PWD', '/home/pragalbhv/ros2-workspaces/sc_ws/build/sc_msg'), ('LC_ALL', 'en_US.UTF-8'), ('XDG_CONFIG_DIRS', '/etc/xdg/xdg-ubuntu:/etc/xdg'), ('XDG_DATA_DIRS', '/usr/share/ubuntu:/usr/local/share/:/usr/share/:/var/lib/snapd/desktop'), ('PYTHONPATH', '/home/pragalbhv/ros2-workspaces/sc_ws/install/sc_pkg/lib/python3.10/site-packages:/opt/ros/humble/lib/python3.10/site-packages:/opt/ros/humble/local/lib/python3.10/dist-packages'), ('COLCON', '1'), ('VTE_VERSION', '6800'), ('CMAKE_PREFIX_PATH', '/home/pragalbhv/ros2-workspaces/sc_ws/install/sc_msg:/home/pragalbhv/ros2-workspaces/sc_ws/install/sc_pkg:/opt/ros/humble')]), 'shell': False}
[0.029543] (sc_msg) StdoutLine: {'line': b'-- Found ament_cmake: 1.3.10 (/opt/ros/humble/share/ament_cmake/cmake)\n'}
[0.099465] (-) TimerEvent: {}
[0.129835] (sc_msg) StdoutLine: {'line': b'-- Found geometry_msgs: 4.2.4 (/opt/ros/humble/share/geometry_msgs/cmake)\n'}
[0.149754] (sc_msg) StdoutLine: {'line': b'-- Found rosidl_generator_c: 3.1.5 (/opt/ros/humble/share/rosidl_generator_c/cmake)\n'}
[0.151833] (sc_msg) StdoutLine: {'line': b'-- Found rosidl_adapter: 3.1.5 (/opt/ros/humble/share/rosidl_adapter/cmake)\n'}
[0.156699] (sc_msg) StdoutLine: {'line': b'-- Found rosidl_generator_cpp: 3.1.5 (/opt/ros/humble/share/rosidl_generator_cpp/cmake)\n'}
[0.164629] (sc_msg) StdoutLine: {'line': b'-- Using all available rosidl_typesupport_c: rosidl_typesupport_fastrtps_c;rosidl_typesupport_introspection_c\n'}
[0.174864] (sc_msg) StdoutLine: {'line': b'-- Using all available rosidl_typesupport_cpp: rosidl_typesupport_fastrtps_cpp;rosidl_typesupport_introspection_cpp\n'}
[0.199543] (-) TimerEvent: {}
[0.205642] (sc_msg) StdoutLine: {'line': b'-- Found rosidl_default_generators: 1.2.0 (/opt/ros/humble/share/rosidl_default_generators/cmake)\n'}
[0.299651] (-) TimerEvent: {}
[0.359221] (sc_msg) StderrLine: {'line': b'\x1b[31mCMake Error at /opt/ros/humble/share/rosidl_adapter/cmake/rosidl_adapt_interfaces.cmake:59 (message):\n'}
[0.359367] (sc_msg) StderrLine: {'line': b'  execute_process(/usr/bin/python3 -m rosidl_adapter --package-name sc_msg\n'}
[0.359502] (sc_msg) StderrLine: {'line': b'  --arguments-file\n'}
[0.359552] (sc_msg) StderrLine: {'line': b'  /home/pragalbhv/ros2-workspaces/sc_ws/build/sc_msg/rosidl_adapter__arguments__sc_msg.json\n'}
[0.359597] (sc_msg) StderrLine: {'line': b'  --output-dir\n'}
[0.359639] (sc_msg) StderrLine: {'line': b'  /home/pragalbhv/ros2-workspaces/sc_ws/build/sc_msg/rosidl_adapter/sc_msg\n'}
[0.359682] (sc_msg) StderrLine: {'line': b'  --output-file\n'}
[0.359723] (sc_msg) StderrLine: {'line': b'  /home/pragalbhv/ros2-workspaces/sc_ws/build/sc_msg/rosidl_adapter/sc_msg.idls)\n'}
[0.359765] (sc_msg) StderrLine: {'line': b'  returned error code 1:\n'}
[0.359805] (sc_msg) StderrLine: {'line': b'\n'}
[0.359847] (sc_msg) StderrLine: {'line': b"  Error processing 'int32 SC_COMMAND' of 'sc_msg/Commands': ''SC_COMMAND' is\n"}
[0.359888] (sc_msg) StderrLine: {'line': b'  an invalid field name.  It should have the pattern\n'}
[0.359929] (sc_msg) StderrLine: {'line': b"  '^(?!.*__)(?!.*_$)[a-z][a-z0-9_]*$''\n"}
[0.359969] (sc_msg) StderrLine: {'line': b'\n'}
[0.360009] (sc_msg) StderrLine: {'line': b'  Traceback (most recent call last):\n'}
[0.360050] (sc_msg) StderrLine: {'line': b'\n'}
[0.360091] (sc_msg) StderrLine: {'line': b'    File "/usr/lib/python3.10/runpy.py", line 196, in _run_module_as_main\n'}
[0.360132] (sc_msg) StderrLine: {'line': b'      return _run_code(code, main_globals, None,\n'}
[0.360172] (sc_msg) StderrLine: {'line': b'    File "/usr/lib/python3.10/runpy.py", line 86, in _run_code\n'}
[0.360213] (sc_msg) StderrLine: {'line': b'      exec(code, run_globals)\n'}
[0.360253] (sc_msg) StderrLine: {'line': b'    File "/opt/ros/humble/local/lib/python3.10/dist-packages/rosidl_adapter/__main__.py", line 19, in <module>\n'}
[0.360294] (sc_msg) StderrLine: {'line': b'      sys.exit(main())\n'}
[0.360348] (sc_msg) StderrLine: {'line': b'    File "/opt/ros/humble/local/lib/python3.10/dist-packages/rosidl_adapter/main.py", line 53, in main\n'}
[0.360392] (sc_msg) StderrLine: {'line': b'      abs_idl_file = convert_to_idl(\n'}
[0.360432] (sc_msg) StderrLine: {'line': b'    File "/opt/ros/humble/local/lib/python3.10/dist-packages/rosidl_adapter/__init__.py", line 19, in convert_to_idl\n'}
[0.360473] (sc_msg) StderrLine: {'line': b'      return convert_msg_to_idl(\n'}
[0.360514] (sc_msg) StderrLine: {'line': b'    File "/opt/ros/humble/local/lib/python3.10/dist-packages/rosidl_adapter/msg/__init__.py", line 28, in convert_msg_to_idl\n'}
[0.360555] (sc_msg) StderrLine: {'line': b'      msg = parse_message_string(package_name, input_file.stem, content)\n'}
[0.360595] (sc_msg) StderrLine: {'line': b'    File "/opt/ros/humble/local/lib/python3.10/dist-packages/rosidl_adapter/parser.py", line 519, in parse_message_string\n'}
[0.360636] (sc_msg) StderrLine: {'line': b'      fields.append(Field(\n'}
[0.360676] (sc_msg) StderrLine: {'line': b'    File "/opt/ros/humble/local/lib/python3.10/dist-packages/rosidl_adapter/parser.py", line 354, in __init__\n'}
[0.360716] (sc_msg) StderrLine: {'line': b'      raise NameError(\n'}
[0.360758] (sc_msg) StderrLine: {'line': b'\n'}
[0.360802] (sc_msg) StderrLine: {'line': b"  NameError: 'SC_COMMAND' is an invalid field name.  It should have the\n"}
[0.360843] (sc_msg) StderrLine: {'line': b"  pattern '^(?!.*__)(?!.*_$)[a-z][a-z0-9_]*$'\n"}
[0.360884] (sc_msg) StderrLine: {'line': b'\n'}
[0.360925] (sc_msg) StderrLine: {'line': b'Call Stack (most recent call first):\n'}
[0.360965] (sc_msg) StderrLine: {'line': b'  /opt/ros/humble/share/rosidl_cmake/cmake/rosidl_generate_interfaces.cmake:130 (rosidl_adapt_interfaces)\n'}
[0.361006] (sc_msg) StderrLine: {'line': b'  CMakeLists.txt:13 (rosidl_generate_interfaces)\n'}
[0.361046] (sc_msg) StderrLine: {'line': b'\n'}
[0.361087] (sc_msg) StderrLine: {'line': b'\x1b[0m\n'}
[0.361128] (sc_msg) StdoutLine: {'line': b'-- Configuring incomplete, errors occurred!\n'}
[0.361175] (sc_msg) StdoutLine: {'line': b'See also "/home/pragalbhv/ros2-workspaces/sc_ws/build/sc_msg/CMakeFiles/CMakeOutput.log".\n'}
[0.363452] (sc_msg) StderrLine: {'line': b'gmake: *** [Makefile:226: cmake_check_build_system] Error 1\n'}
[0.365175] (sc_msg) CommandEnded: {'returncode': 2}
[0.372781] (sc_msg) JobEnded: {'identifier': 'sc_msg', 'rc': 2}
[0.399772] (-) TimerEvent: {}
[0.487275] (sc_pkg) JobEnded: {'identifier': 'sc_pkg', 'rc': 'SIGINT'}
[0.497877] (-) EventReactorShutdown: {}
