[0.009s] Invoking command in '/home/pragalbhv/ros2-workspaces/sc_ws/build/sc_msg': CMAKE_PREFIX_PATH=${CMAKE_PREFIX_PATH}:/home/pragalbhv/ros2-workspaces/sc_ws/install/sc_pkg:/opt/ros/humble /usr/bin/cmake --build /home/pragalbhv/ros2-workspaces/sc_ws/build/sc_msg -- -j4 -l4
[0.026s] -- Found ament_cmake: 1.3.10 (/opt/ros/humble/share/ament_cmake/cmake)
[0.123s] -- Found geometry_msgs: 4.2.4 (/opt/ros/humble/share/geometry_msgs/cmake)
[0.142s] -- Found rosidl_generator_c: 3.1.5 (/opt/ros/humble/share/rosidl_generator_c/cmake)
[0.144s] -- Found rosidl_adapter: 3.1.5 (/opt/ros/humble/share/rosidl_adapter/cmake)
[0.149s] -- Found rosidl_generator_cpp: 3.1.5 (/opt/ros/humble/share/rosidl_generator_cpp/cmake)
[0.157s] -- Using all available rosidl_typesupport_c: rosidl_typesupport_fastrtps_c;rosidl_typesupport_introspection_c
[0.167s] -- Using all available rosidl_typesupport_cpp: rosidl_typesupport_fastrtps_cpp;rosidl_typesupport_introspection_cpp
[0.196s] -- Found rosidl_default_generators: 1.2.0 (/opt/ros/humble/share/rosidl_default_generators/cmake)
[0.331s] [31mCMake Error at /opt/ros/humble/share/rosidl_adapter/cmake/rosidl_adapt_interfaces.cmake:59 (message):
[0.331s]   execute_process(/usr/bin/python3 -m rosidl_adapter --package-name sc_msg
[0.332s]   --arguments-file
[0.332s]   /home/pragalbhv/ros2-workspaces/sc_ws/build/sc_msg/rosidl_adapter__arguments__sc_msg.json
[0.332s]   --output-dir
[0.332s]   /home/pragalbhv/ros2-workspaces/sc_ws/build/sc_msg/rosidl_adapter/sc_msg
[0.332s]   --output-file
[0.332s]   /home/pragalbhv/ros2-workspaces/sc_ws/build/sc_msg/rosidl_adapter/sc_msg.idls)
[0.332s]   returned error code 1:
[0.332s] 
[0.332s]   Traceback (most recent call last):
[0.332s] 
[0.332s]     File "/usr/lib/python3.10/runpy.py", line 196, in _run_module_as_main
[0.332s]       return _run_code(code, main_globals, None,
[0.332s]     File "/usr/lib/python3.10/runpy.py", line 86, in _run_code
[0.332s]       exec(code, run_globals)
[0.332s]     File "/opt/ros/humble/local/lib/python3.10/dist-packages/rosidl_adapter/__main__.py", line 19, in <module>
[0.332s]       sys.exit(main())
[0.332s]     File "/opt/ros/humble/local/lib/python3.10/dist-packages/rosidl_adapter/main.py", line 53, in main
[0.332s]       abs_idl_file = convert_to_idl(
[0.332s]     File "/opt/ros/humble/local/lib/python3.10/dist-packages/rosidl_adapter/__init__.py", line 19, in convert_to_idl
[0.332s]       return convert_msg_to_idl(
[0.332s]     File "/opt/ros/humble/local/lib/python3.10/dist-packages/rosidl_adapter/msg/__init__.py", line 28, in convert_msg_to_idl
[0.332s]       msg = parse_message_string(package_name, input_file.stem, content)
[0.332s]     File "/opt/ros/humble/local/lib/python3.10/dist-packages/rosidl_adapter/parser.py", line 535, in parse_message_string
[0.333s]       constants.append(Constant(type_string, name, value))
[0.333s]     File "/opt/ros/humble/local/lib/python3.10/dist-packages/rosidl_adapter/parser.py", line 320, in __init__
[0.333s]       raise NameError(
[0.333s] 
[0.333s]   NameError: 'vacumon' is an invalid constant name.  It should have the
[0.333s]   pattern '^[A-Z]([A-Z0-9_]?[A-Z0-9]+)*$'
[0.333s] 
[0.333s] Call Stack (most recent call first):
[0.333s]   /opt/ros/humble/share/rosidl_cmake/cmake/rosidl_generate_interfaces.cmake:130 (rosidl_adapt_interfaces)
[0.333s]   CMakeLists.txt:13 (rosidl_generate_interfaces)
[0.333s] 
[0.333s] [0m
[0.333s] -- Configuring incomplete, errors occurred!
[0.333s] See also "/home/pragalbhv/ros2-workspaces/sc_ws/build/sc_msg/CMakeFiles/CMakeOutput.log".
[0.336s] gmake: *** [Makefile:226: cmake_check_build_system] Error 1
[0.337s] Invoked command in '/home/pragalbhv/ros2-workspaces/sc_ws/build/sc_msg' returned '2': CMAKE_PREFIX_PATH=${CMAKE_PREFIX_PATH}:/home/pragalbhv/ros2-workspaces/sc_ws/install/sc_pkg:/opt/ros/humble /usr/bin/cmake --build /home/pragalbhv/ros2-workspaces/sc_ws/build/sc_msg -- -j4 -l4
